<?xml version="1.0" encoding="UTF-8"?>
<testng-results skipped="0" failed="1" total="2" passed="1">
  <reporter-output>
  </reporter-output>
  <suite name="Suite" duration-ms="24199" started-at="2019-03-14T06:28:02Z" finished-at="2019-03-14T06:28:26Z">
    <groups>
    </groups>
    <test name="Test" duration-ms="24199" started-at="2019-03-14T06:28:02Z" finished-at="2019-03-14T06:28:26Z">
      <class name="com.testcase.addtestcase">
        <test-method status="PASS" signature="openfire()[pri:0, instance:com.testcase.addtestcase@270421f5]" name="openfire" is-config="true" duration-ms="2411" started-at="2019-03-14T14:28:14Z" finished-at="2019-03-14T14:28:17Z">
          <reporter-output>
          </reporter-output>
        </test-method> <!-- openfire -->
        <test-method status="FAIL" signature="xztk()[pri:0, instance:com.testcase.addtestcase@270421f5]" name="xztk" duration-ms="8434" started-at="2019-03-14T14:28:17Z" finished-at="2019-03-14T14:28:25Z">
          <exception class="org.openqa.selenium.UnhandledAlertException">
            <message>
              <![CDATA[unexpected alert open: {Alert text : 验证码不能为空！}
  (Session info: chrome=72.0.3626.121)
  (Driver info: chromedriver=2.44.609538 (b655c5a60b0b544917107a59d4153d4bf78e1b90),platform=Windows NT 10.0.17134 x86_64) (WARNING: The server did not provide any stacktrace information)
Command duration or timeout: 3 milliseconds: null
Build info: version: '2.53.0', revision: '35ae25b', time: '2016-03-15 17:00:58'
System info: host: 'DESKTOP-3VM86Q0', ip: '23.235.147.112', os.name: 'Windows 10', os.arch: 'amd64', os.version: '10.0', java.version: '1.8.0_101'
Driver info: org.openqa.selenium.chrome.ChromeDriver
Capabilities [{mobileEmulationEnabled=false, hasTouchScreen=false, platform=XP, acceptSslCerts=false, goog:chromeOptions={debuggerAddress=localhost:24941}, acceptInsecureCerts=false, webStorageEnabled=true, browserName=chrome, takesScreenshot=true, javascriptEnabled=true, setWindowRect=true, unexpectedAlertBehaviour=ignore, applicationCacheEnabled=false, rotatable=false, networkConnectionEnabled=false, chrome={chromedriverVersion=2.44.609538 (b655c5a60b0b544917107a59d4153d4bf78e1b90), userDataDir=C:\Windows\TEMP\scoped_dir15656_25763}, takesHeapSnapshot=true, pageLoadStrategy=normal, databaseEnabled=false, handlesAlerts=true, version=72.0.3626.121, browserConnectionEnabled=false, nativeEvents=true, locationContextEnabled=true, cssSelectorsEnabled=true}]
Session ID: bd99b8a56ff1cc91149266b45ba5293d
*** Element info: {Using=css selector, value=frame[name='menu'],iframe[name='menu']}]]>
            </message>
            <full-stacktrace>
              <![CDATA[org.openqa.selenium.UnhandledAlertException: unexpected alert open: {Alert text : 验证码不能为空！}
  (Session info: chrome=72.0.3626.121)
  (Driver info: chromedriver=2.44.609538 (b655c5a60b0b544917107a59d4153d4bf78e1b90),platform=Windows NT 10.0.17134 x86_64) (WARNING: The server did not provide any stacktrace information)
Command duration or timeout: 3 milliseconds: null
Build info: version: '2.53.0', revision: '35ae25b', time: '2016-03-15 17:00:58'
System info: host: 'DESKTOP-3VM86Q0', ip: '23.235.147.112', os.name: 'Windows 10', os.arch: 'amd64', os.version: '10.0', java.version: '1.8.0_101'
Driver info: org.openqa.selenium.chrome.ChromeDriver
Capabilities [{mobileEmulationEnabled=false, hasTouchScreen=false, platform=XP, acceptSslCerts=false, goog:chromeOptions={debuggerAddress=localhost:24941}, acceptInsecureCerts=false, webStorageEnabled=true, browserName=chrome, takesScreenshot=true, javascriptEnabled=true, setWindowRect=true, unexpectedAlertBehaviour=ignore, applicationCacheEnabled=false, rotatable=false, networkConnectionEnabled=false, chrome={chromedriverVersion=2.44.609538 (b655c5a60b0b544917107a59d4153d4bf78e1b90), userDataDir=C:\Windows\TEMP\scoped_dir15656_25763}, takesHeapSnapshot=true, pageLoadStrategy=normal, databaseEnabled=false, handlesAlerts=true, version=72.0.3626.121, browserConnectionEnabled=false, nativeEvents=true, locationContextEnabled=true, cssSelectorsEnabled=true}]
Session ID: bd99b8a56ff1cc91149266b45ba5293d
*** Element info: {Using=css selector, value=frame[name='menu'],iframe[name='menu']}
	at sun.reflect.NativeConstructorAccessorImpl.newInstance0(Native Method)
	at sun.reflect.NativeConstructorAccessorImpl.newInstance(NativeConstructorAccessorImpl.java:62)
	at sun.reflect.DelegatingConstructorAccessorImpl.newInstance(DelegatingConstructorAccessorImpl.java:45)
	at java.lang.reflect.Constructor.newInstance(Constructor.java:423)
	at org.openqa.selenium.remote.ErrorHandler.createThrowable(ErrorHandler.java:206)
	at org.openqa.selenium.remote.ErrorHandler.throwIfResponseFailed(ErrorHandler.java:164)
	at org.openqa.selenium.remote.RemoteWebDriver.execute(RemoteWebDriver.java:678)
	at org.openqa.selenium.remote.RemoteWebDriver.findElements(RemoteWebDriver.java:388)
	at org.openqa.selenium.remote.RemoteWebDriver.findElementsByCssSelector(RemoteWebDriver.java:496)
	at org.openqa.selenium.By$ByCssSelector.findElements(By.java:441)
	at org.openqa.selenium.remote.RemoteWebDriver.findElements(RemoteWebDriver.java:351)
	at org.openqa.selenium.remote.RemoteWebDriver$RemoteTargetLocator.frame(RemoteWebDriver.java:990)
	at com.page.tikupage.tzzb(tikupage.java:12)
	at com.business.tikubusiness.xztk(tikubusiness.java:14)
	at com.testcase.addtestcase.xztk(addtestcase.java:17)
	at sun.reflect.NativeMethodAccessorImpl.invoke0(Native Method)
	at sun.reflect.NativeMethodAccessorImpl.invoke(NativeMethodAccessorImpl.java:62)
	at sun.reflect.DelegatingMethodAccessorImpl.invoke(DelegatingMethodAccessorImpl.java:43)
	at java.lang.reflect.Method.invoke(Method.java:498)
	at org.testng.internal.MethodInvocationHelper.invokeMethod(MethodInvocationHelper.java:85)
	at org.testng.internal.Invoker.invokeMethod(Invoker.java:639)
	at org.testng.internal.Invoker.invokeTestMethod(Invoker.java:816)
	at org.testng.internal.Invoker.invokeTestMethods(Invoker.java:1124)
	at org.testng.internal.TestMethodWorker.invokeTestMethods(TestMethodWorker.java:125)
	at org.testng.internal.TestMethodWorker.run(TestMethodWorker.java:108)
	at org.testng.TestRunner.privateRun(TestRunner.java:774)
	at org.testng.TestRunner.run(TestRunner.java:624)
	at org.testng.SuiteRunner.runTest(SuiteRunner.java:359)
	at org.testng.SuiteRunner.runSequentially(SuiteRunner.java:354)
	at org.testng.SuiteRunner.privateRun(SuiteRunner.java:312)
	at org.testng.SuiteRunner.run(SuiteRunner.java:261)
	at org.testng.SuiteRunnerWorker.runSuite(SuiteRunnerWorker.java:52)
	at org.testng.SuiteRunnerWorker.run(SuiteRunnerWorker.java:86)
	at org.testng.TestNG.runSuitesSequentially(TestNG.java:1215)
	at org.testng.TestNG.runSuitesLocally(TestNG.java:1140)
	at org.testng.TestNG.run(TestNG.java:1048)
	at org.testng.TestNG.privateMain(TestNG.java:1355)
	at org.testng.TestNG.main(TestNG.java:1324)
]]>
            </full-stacktrace>
          </exception> <!-- org.openqa.selenium.UnhandledAlertException -->
          <reporter-output>
          </reporter-output>
        </test-method> <!-- xztk -->
        <test-method status="PASS" signature="guanbi()[pri:0, instance:com.testcase.addtestcase@270421f5]" name="guanbi" is-config="true" duration-ms="744" started-at="2019-03-14T14:28:25Z" finished-at="2019-03-14T14:28:26Z">
          <reporter-output>
          </reporter-output>
        </test-method> <!-- guanbi -->
      </class> <!-- com.testcase.addtestcase -->
      <class name="com.testcase.logintestcase">
        <test-method status="PASS" signature="openfire()[pri:0, instance:com.testcase.logintestcase@5a42bbf4]" name="openfire" is-config="true" duration-ms="3174" started-at="2019-03-14T14:28:02Z" finished-at="2019-03-14T14:28:05Z">
          <reporter-output>
          </reporter-output>
        </test-method> <!-- openfire -->
        <test-method status="PASS" signature="login()[pri:0, instance:com.testcase.logintestcase@5a42bbf4]" name="login" duration-ms="8398" started-at="2019-03-14T14:28:05Z" finished-at="2019-03-14T14:28:13Z">
          <reporter-output>
          </reporter-output>
        </test-method> <!-- login -->
        <test-method status="PASS" signature="guanbi()[pri:0, instance:com.testcase.logintestcase@5a42bbf4]" name="guanbi" is-config="true" duration-ms="1028" started-at="2019-03-14T14:28:13Z" finished-at="2019-03-14T14:28:14Z">
          <reporter-output>
          </reporter-output>
        </test-method> <!-- guanbi -->
      </class> <!-- com.testcase.logintestcase -->
    </test> <!-- Test -->
  </suite> <!-- Suite -->
</testng-results>
